Using pre-set license
Built from '2020.3/staging' branch; Version is '2020.3.20f1 (41c4e627c95f) revision 4310246'; Using compiler version '192528614'; Build Type 'Release'
OS: 'Windows 10 Pro; OS build 19042.1348; Version 2009; 64bit' Language: 'ru' Physical Memory: 32699 MB
BatchMode: 1, IsHumanControllingUs: 0, StartBugReporterOnCrash: 0, Is64bit: 1, IsPro: 0

COMMAND LINE ARGUMENTS:
C:\Program Files\Unity\Hub\Editor\2020.3.20f1\Editor\Unity.exe
-adb2
-batchMode
-noUpm
-name
AssetImportWorker0
-projectPath
G:/DEV/PROJECTS/I Hate BUGs
-logFile
Logs/AssetImportWorker0.log
-srvPort
62285
Successfully changed project path to: G:/DEV/PROJECTS/I Hate BUGs
G:/DEV/PROJECTS/I Hate BUGs
Using Asset Import Pipeline V2.
Refreshing native plugins compatible for Editor in 110.01 ms, found 3 plugins.
Preloading 0 native plugins for Editor in 0.00 ms.
Initialize engine version: 2020.3.20f1 (41c4e627c95f)
[Subsystems] Discovering subsystems at path C:/Program Files/Unity/Hub/Editor/2020.3.20f1/Editor/Data/Resources/UnitySubsystems
[Subsystems] Discovering subsystems at path G:/DEV/PROJECTS/I Hate BUGs/Assets
GfxDevice: creating device client; threaded=0
Direct3D:
    Version:  Direct3D 11.0 [level 11.1]
    Renderer: NVIDIA GeForce GTX 1050 (ID=0x1c81)
    Vendor:   
    VRAM:     1977 MB
    Driver:   27.21.14.5671
Initialize mono
Mono path[0] = 'C:/Program Files/Unity/Hub/Editor/2020.3.20f1/Editor/Data/Managed'
Mono path[1] = 'C:/Program Files/Unity/Hub/Editor/2020.3.20f1/Editor/Data/MonoBleedingEdge/lib/mono/unityjit'
Mono config path = 'C:/Program Files/Unity/Hub/Editor/2020.3.20f1/Editor/Data/MonoBleedingEdge/etc'
Using monoOptions --debugger-agent=transport=dt_socket,embedding=1,server=y,suspend=n,address=127.0.0.1:56184
Begin MonoManager ReloadAssembly
Registering precompiled unity dll's ...
Register platform support module: C:/Program Files/Unity/Hub/Editor/2020.3.20f1/Editor/Data/PlaybackEngines/WindowsStandaloneSupport/UnityEditor.WindowsStandalone.Extensions.dll
Registered in 0.087118 seconds.
Native extension for WindowsStandalone target not found
Refreshing native plugins compatible for Editor in 30.70 ms, found 3 plugins.
Preloading 0 native plugins for Editor in 0.00 ms.
Mono: successfully reloaded assembly
- Completed reload, in  2.758 seconds
Domain Reload Profiling:
	ReloadAssembly (2758ms)
		BeginReloadAssembly (1672ms)
			ExecutionOrderSort (0ms)
			DisableScriptedObjects (0ms)
			BackupInstance (0ms)
			ReleaseScriptingObjects (0ms)
			CreateAndSetChildDomain (1ms)
		EndReloadAssembly (505ms)
			LoadAssemblies (1670ms)
			RebuildTransferFunctionScriptingTraits (0ms)
			SetupTypeCache (297ms)
			ReleaseScriptCaches (0ms)
			RebuildScriptCaches (24ms)
			SetupLoadedEditorAssemblies (127ms)
				LogAssemblyErrors (0ms)
				InitializePlatformSupportModulesInManaged (3ms)
				SetLoadedEditorAssemblies (0ms)
				RefreshPlugins (31ms)
				BeforeProcessingInitializeOnLoad (12ms)
				ProcessInitializeOnLoadAttributes (57ms)
				ProcessInitializeOnLoadMethodAttributes (24ms)
				AfterProcessingInitializeOnLoad (0ms)
				EditorAssembliesLoaded (0ms)
			ExecutionOrderSort2 (0ms)
			AwakeInstancesAfterBackupRestoration (0ms)
Platform modules already initialized, skipping
Registering precompiled user dll's ...
Registered in 0.307870 seconds.
Begin MonoManager ReloadAssembly
Native extension for WindowsStandalone target not found
Refreshing native plugins compatible for Editor in 30.63 ms, found 3 plugins.
Preloading 0 native plugins for Editor in 0.00 ms.
Mono: successfully reloaded assembly
- Completed reload, in  2.756 seconds
Domain Reload Profiling:
	ReloadAssembly (2759ms)
		BeginReloadAssembly (110ms)
			ExecutionOrderSort (0ms)
			DisableScriptedObjects (4ms)
			BackupInstance (0ms)
			ReleaseScriptingObjects (0ms)
			CreateAndSetChildDomain (15ms)
		EndReloadAssembly (2603ms)
			LoadAssemblies (1515ms)
			RebuildTransferFunctionScriptingTraits (0ms)
			SetupTypeCache (593ms)
			ReleaseScriptCaches (0ms)
			RebuildScriptCaches (36ms)
			SetupLoadedEditorAssemblies (365ms)
				LogAssemblyErrors (0ms)
				InitializePlatformSupportModulesInManaged (3ms)
				SetLoadedEditorAssemblies (0ms)
				RefreshPlugins (31ms)
				BeforeProcessingInitializeOnLoad (57ms)
				ProcessInitializeOnLoadAttributes (261ms)
				ProcessInitializeOnLoadMethodAttributes (9ms)
				AfterProcessingInitializeOnLoad (5ms)
				EditorAssembliesLoaded (0ms)
			ExecutionOrderSort2 (0ms)
			AwakeInstancesAfterBackupRestoration (5ms)
Platform modules already initialized, skipping
========================================================================
Worker process is ready to serve import requests
Launched and connected shader compiler UnityShaderCompiler.exe after 0.08 seconds
Refreshing native plugins compatible for Editor in 0.37 ms, found 3 plugins.
Preloading 0 native plugins for Editor in 0.00 ms.
Unloading 2097 Unused Serialized files (Serialized files now loaded: 0)
System memory in use before: 93.5 MB.
System memory in use after: 93.6 MB.

Unloading 25 unused Assets to reduce memory usage. Loaded Objects now: 2535.
Total: 2.628600 ms (FindLiveObjects: 0.164600 ms CreateObjectMapping: 0.053200 ms MarkObjects: 2.360500 ms  DeleteObjects: 0.049500 ms)

AssetImportParameters requested are different than current active one (requested -> active):
  custom:framework-win-MediaFoundation: 216162199b28c13a410421893ffa2e32 -> 
  custom:video-decoder-ogg-theora: a1e56fd34408186e4bbccfd4996cb3dc -> 
  custom:container-muxer-webm: aa71ff27fc2769a1b78a27578f13a17b -> 
  custom:container-demuxer-webm: 4f35f7cbe854078d1ac9338744f61a02 -> 
  custom:container-demuxer-ogg: 62fdf1f143b41e24485cea50d1cbac27 -> 
  custom:video-encoder-webm-vp8: eb34c28f22e8b96e1ab97ce403110664 -> 
  custom:video-decoder-webm-vp8: 9c59270c3fd7afecdb556c50c9e8de78 -> 
  custom:audio-decoder-ogg-vorbis: bf7c407c2cedff20999df2af8eb42d56 -> 
  custom:audio-encoder-webm-vorbis: bf7c407c2cedff20999df2af8eb42d56 -> 
========================================================================
Received Import Request.
  path: Assets/RawGraphics
  artifactKey: Guid(76b125eabc8c20042be2e983fee46048) Importer(815301076,1909f56bfc062723c751e8b465ee728b)
Start importing Assets/RawGraphics using Guid(76b125eabc8c20042be2e983fee46048) Importer(815301076,1909f56bfc062723c751e8b465ee728b)  -> (artifact id: 'b019a109b6c10bbd84c6a39c3234c7b5') in 0.008946 seconds 
  Import took 0.023792 seconds .

========================================================================
Received Import Request.
  Time since last request: 10.882589 seconds.
  path: Assets/RawGraphics/Игровая_Область
  artifactKey: Guid(6a58bed93f7121844956a90b870a8c06) Importer(815301076,1909f56bfc062723c751e8b465ee728b)
Start importing Assets/RawGraphics/Игровая_Область using Guid(6a58bed93f7121844956a90b870a8c06) Importer(815301076,1909f56bfc062723c751e8b465ee728b)  -> (artifact id: '7c669bd71958cc300f6c66f906a3b86a') in 0.008644 seconds 
  Import took 0.013014 seconds .

========================================================================
Received Import Request.
  Time since last request: 10.933945 seconds.
  path: Assets/RawGraphics/Game Zone
  artifactKey: Guid(6a58bed93f7121844956a90b870a8c06) Importer(815301076,1909f56bfc062723c751e8b465ee728b)
Start importing Assets/RawGraphics/Game Zone using Guid(6a58bed93f7121844956a90b870a8c06) Importer(815301076,1909f56bfc062723c751e8b465ee728b)  -> (artifact id: '9689d070120b44bd2833a300f0835252') in 0.005230 seconds 
  Import took 0.007871 seconds .

========================================================================
Received Import Request.
  Time since last request: 1.651868 seconds.
  path: Assets/RawGraphics/Клоп
  artifactKey: Guid(109ef2723fc9c5b4c99d3588a774ab94) Importer(815301076,1909f56bfc062723c751e8b465ee728b)
Start importing Assets/RawGraphics/Клоп using Guid(109ef2723fc9c5b4c99d3588a774ab94) Importer(815301076,1909f56bfc062723c751e8b465ee728b)  -> (artifact id: '9cd6b93a74e8e0abc31a57d703c72204') in 0.005339 seconds 
  Import took 0.008321 seconds .

========================================================================
Received Import Request.
  Time since last request: 5.170802 seconds.
  path: Assets/RawGraphics/Crum
  artifactKey: Guid(109ef2723fc9c5b4c99d3588a774ab94) Importer(815301076,1909f56bfc062723c751e8b465ee728b)
Start importing Assets/RawGraphics/Crum using Guid(109ef2723fc9c5b4c99d3588a774ab94) Importer(815301076,1909f56bfc062723c751e8b465ee728b)  -> (artifact id: 'b84cd319c6d254f4b053d099fe58b0d9') in 0.004220 seconds 
  Import took 0.006904 seconds .

========================================================================
Received Import Request.
  Time since last request: 3.193389 seconds.
  path: Assets/RawGraphics/Мухец
  artifactKey: Guid(4358d225e3c37264bba5f5664d7bebf5) Importer(815301076,1909f56bfc062723c751e8b465ee728b)
Start importing Assets/RawGraphics/Мухец using Guid(4358d225e3c37264bba5f5664d7bebf5) Importer(815301076,1909f56bfc062723c751e8b465ee728b)  -> (artifact id: 'e47751857f14f8cff49c956039f3b78a') in 0.003858 seconds 
  Import took 0.006404 seconds .

========================================================================
Received Import Request.
  Time since last request: 3.669552 seconds.
  path: Assets/RawGraphics/Fly
  artifactKey: Guid(4358d225e3c37264bba5f5664d7bebf5) Importer(815301076,1909f56bfc062723c751e8b465ee728b)
Start importing Assets/RawGraphics/Fly using Guid(4358d225e3c37264bba5f5664d7bebf5) Importer(815301076,1909f56bfc062723c751e8b465ee728b)  -> (artifact id: 'e522963a3669ee9603558e51059cc2b5') in 0.004104 seconds 
  Import took 0.007020 seconds .

========================================================================
Received Import Request.
  Time since last request: 4.442770 seconds.
  path: Assets/Scripts/Player.cs
  artifactKey: Guid(f8a66142ab4a64a4eb567f1d6917784c) Importer(815301076,1909f56bfc062723c751e8b465ee728b)
Start importing Assets/Scripts/Player.cs using Guid(f8a66142ab4a64a4eb567f1d6917784c) Importer(815301076,1909f56bfc062723c751e8b465ee728b)  -> (artifact id: '8cf5348162f77a45752f5dc1305cf549') in 0.012649 seconds 
  Import took 0.015434 seconds .

========================================================================
Received Import Request.
  Time since last request: 1.741760 seconds.
  path: Assets/Scripts/Enemy.cs
  artifactKey: Guid(3ac4c6b8fec1fd24ebcf4613bef931fb) Importer(815301076,1909f56bfc062723c751e8b465ee728b)
Start importing Assets/Scripts/Enemy.cs using Guid(3ac4c6b8fec1fd24ebcf4613bef931fb) Importer(815301076,1909f56bfc062723c751e8b465ee728b)  -> (artifact id: '73a8c2c81538b383c55753a01035a51d') in 0.004176 seconds 
  Import took 0.007041 seconds .

========================================================================
Received Import Request.
  Time since last request: 162.320567 seconds.
  path: Assets/RawGraphics/Мокрица
  artifactKey: Guid(736b19a9ba4e7e64693c135623cc6661) Importer(815301076,1909f56bfc062723c751e8b465ee728b)
Start importing Assets/RawGraphics/Мокрица using Guid(736b19a9ba4e7e64693c135623cc6661) Importer(815301076,1909f56bfc062723c751e8b465ee728b)  -> (artifact id: 'ade54745565b617c3e1818b872a44bcb') in 0.004036 seconds 
  Import took 0.006675 seconds .

========================================================================
Received Import Request.
  Time since last request: 2.202271 seconds.
  path: Assets/RawGraphics/Wood_Louse
  artifactKey: Guid(736b19a9ba4e7e64693c135623cc6661) Importer(815301076,1909f56bfc062723c751e8b465ee728b)
Start importing Assets/RawGraphics/Wood_Louse using Guid(736b19a9ba4e7e64693c135623cc6661) Importer(815301076,1909f56bfc062723c751e8b465ee728b)  -> (artifact id: '2008da9c815dc69d5f27b53aba15c554') in 0.004133 seconds 
  Import took 0.006916 seconds .

========================================================================
Received Import Request.
  Time since last request: 6.229844 seconds.
  path: Assets/RawGraphics/Таракан
  artifactKey: Guid(2a36647bb46cc4a4c94b3a6914cdeca6) Importer(815301076,1909f56bfc062723c751e8b465ee728b)
Start importing Assets/RawGraphics/Таракан using Guid(2a36647bb46cc4a4c94b3a6914cdeca6) Importer(815301076,1909f56bfc062723c751e8b465ee728b)  -> (artifact id: '227d5ea09b7451bc8e4ad3114704960d') in 0.004190 seconds 
  Import took 0.007149 seconds .

========================================================================
Received Import Request.
  Time since last request: 2.500493 seconds.
  path: Assets/RawGraphics/Cockroach
  artifactKey: Guid(2a36647bb46cc4a4c94b3a6914cdeca6) Importer(815301076,1909f56bfc062723c751e8b465ee728b)
Start importing Assets/RawGraphics/Cockroach using Guid(2a36647bb46cc4a4c94b3a6914cdeca6) Importer(815301076,1909f56bfc062723c751e8b465ee728b)  -> (artifact id: 'fd04b7d8c79914d4bfc095747bdde0dd') in 0.004336 seconds 
  Import took 0.007095 seconds .

========================================================================
Received Import Request.
  Time since last request: 12.885402 seconds.
  path: Assets/RawGraphics/Enemys
  artifactKey: Guid(915159f3a4b8bf245820c0e5cf2d291d) Importer(815301076,1909f56bfc062723c751e8b465ee728b)
Start importing Assets/RawGraphics/Enemys using Guid(915159f3a4b8bf245820c0e5cf2d291d) Importer(815301076,1909f56bfc062723c751e8b465ee728b)  -> (artifact id: '0cff8e0eedb8c6dc94169d8e6116dc42') in 0.004115 seconds 
  Import took 0.006771 seconds .

========================================================================
Received Import Request.
  Time since last request: 15.703120 seconds.
  path: Assets/RawGraphics/Enemys/01_Crum
  artifactKey: Guid(109ef2723fc9c5b4c99d3588a774ab94) Importer(815301076,1909f56bfc062723c751e8b465ee728b)
Start importing Assets/RawGraphics/Enemys/01_Crum using Guid(109ef2723fc9c5b4c99d3588a774ab94) Importer(815301076,1909f56bfc062723c751e8b465ee728b)  -> (artifact id: '35ad8e1a3027daa6124f7cb65875bdbf') in 0.004233 seconds 
  Import took 0.007168 seconds .

========================================================================
Received Import Request.
  Time since last request: 8.704495 seconds.
  path: Assets/RawGraphics/Enemys/02_Fly
  artifactKey: Guid(4358d225e3c37264bba5f5664d7bebf5) Importer(815301076,1909f56bfc062723c751e8b465ee728b)
Start importing Assets/RawGraphics/Enemys/02_Fly using Guid(4358d225e3c37264bba5f5664d7bebf5) Importer(815301076,1909f56bfc062723c751e8b465ee728b)  -> (artifact id: 'b5005b1751731079e7d737735a57d0d4') in 0.004223 seconds 
  Import took 0.007016 seconds .

========================================================================
Received Import Request.
  Time since last request: 5.628340 seconds.
  path: Assets/RawGraphics/Enemys/03_Cockroach
  artifactKey: Guid(2a36647bb46cc4a4c94b3a6914cdeca6) Importer(815301076,1909f56bfc062723c751e8b465ee728b)
Start importing Assets/RawGraphics/Enemys/03_Cockroach using Guid(2a36647bb46cc4a4c94b3a6914cdeca6) Importer(815301076,1909f56bfc062723c751e8b465ee728b)  -> (artifact id: '3409c59e3184494c3133bd38729efcf7') in 0.004593 seconds 
  Import took 0.007328 seconds .

========================================================================
Received Import Request.
  Time since last request: 6.314177 seconds.
  path: Assets/RawGraphics/Enemys/04_Wood_Louse
  artifactKey: Guid(736b19a9ba4e7e64693c135623cc6661) Importer(815301076,1909f56bfc062723c751e8b465ee728b)
Start importing Assets/RawGraphics/Enemys/04_Wood_Louse using Guid(736b19a9ba4e7e64693c135623cc6661) Importer(815301076,1909f56bfc062723c751e8b465ee728b)  -> (artifact id: '71f8692f9cdcf88c00d9552d7ac421dd') in 0.004344 seconds 
  Import took 0.007158 seconds .

========================================================================
Received Import Request.
  Time since last request: 9.514539 seconds.
  path: Assets/RawGraphics/Enemys/01_Crum/Клоп_аним
  artifactKey: Guid(9853439bded87d349944c60224c157df) Importer(815301076,1909f56bfc062723c751e8b465ee728b)
Start importing Assets/RawGraphics/Enemys/01_Crum/Клоп_аним using Guid(9853439bded87d349944c60224c157df) Importer(815301076,1909f56bfc062723c751e8b465ee728b)  -> (artifact id: '667e59d64d7ae4392a9cd3bf85a3cbd6') in 0.004407 seconds 
  Import took 0.007282 seconds .

========================================================================
Received Import Request.
  Time since last request: 0.065682 seconds.
  path: Assets/RawGraphics/Enemys/01_Crum/Клоп_аним/КЛОП_аним_старт1.png
  artifactKey: Guid(50475b3e118457f418540cbb5bbd2b25) Importer(815301076,1909f56bfc062723c751e8b465ee728b)
Start importing Assets/RawGraphics/Enemys/01_Crum/Клоп_аним/КЛОП_аним_старт1.png using Guid(50475b3e118457f418540cbb5bbd2b25) Importer(815301076,1909f56bfc062723c751e8b465ee728b)  -> (artifact id: '725f31d544fc10d9e4fa72ae7c7481ae') in 0.055856 seconds 
  Import took 0.058728 seconds .

========================================================================
Received Import Request.
  Time since last request: 0.000221 seconds.
  path: Assets/RawGraphics/Enemys/01_Crum/Клоп_аним/КЛОП_аним_старт4.png
  artifactKey: Guid(eb5f7c2192a6090488a357b982dd6951) Importer(815301076,1909f56bfc062723c751e8b465ee728b)
Start importing Assets/RawGraphics/Enemys/01_Crum/Клоп_аним/КЛОП_аним_старт4.png using Guid(eb5f7c2192a6090488a357b982dd6951) Importer(815301076,1909f56bfc062723c751e8b465ee728b)  -> (artifact id: '3017fa259ae7b599f99c6abd68e40b5a') in 0.012574 seconds 
  Import took 0.015089 seconds .

========================================================================
Received Import Request.
  Time since last request: 0.000269 seconds.
  path: Assets/RawGraphics/Enemys/01_Crum/Клоп_аним/КЛОП_аним_старт9.png
  artifactKey: Guid(17ad239de08cab04eb83d321377a3efb) Importer(815301076,1909f56bfc062723c751e8b465ee728b)
Start importing Assets/RawGraphics/Enemys/01_Crum/Клоп_аним/КЛОП_аним_старт9.png using Guid(17ad239de08cab04eb83d321377a3efb) Importer(815301076,1909f56bfc062723c751e8b465ee728b)  -> (artifact id: 'a39d74cfbb7d45a75cc7296d81162688') in 0.010069 seconds 
  Import took 0.012932 seconds .

========================================================================
Received Import Request.
  Time since last request: 0.000193 seconds.
  path: Assets/RawGraphics/Enemys/01_Crum/Клоп_аним/КЛОП_аним_старт10.png
  artifactKey: Guid(914d1b7b992ea864c8f3fc97590a6329) Importer(815301076,1909f56bfc062723c751e8b465ee728b)
Start importing Assets/RawGraphics/Enemys/01_Crum/Клоп_аним/КЛОП_аним_старт10.png using Guid(914d1b7b992ea864c8f3fc97590a6329) Importer(815301076,1909f56bfc062723c751e8b465ee728b)  -> (artifact id: 'edb5f1e6b7c0ddbd0c2a993df3ebd322') in 0.012449 seconds 
  Import took 0.015030 seconds .

========================================================================
Received Import Request.
  Time since last request: 0.000207 seconds.
  path: Assets/RawGraphics/Enemys/01_Crum/Клоп_аним/КЛОП_аним_старт16.png
  artifactKey: Guid(533c4fec5928f534abeccc8831410d2e) Importer(815301076,1909f56bfc062723c751e8b465ee728b)
Start importing Assets/RawGraphics/Enemys/01_Crum/Клоп_аним/КЛОП_аним_старт16.png using Guid(533c4fec5928f534abeccc8831410d2e) Importer(815301076,1909f56bfc062723c751e8b465ee728b)  -> (artifact id: 'f3a45239db989c7b28d5ae339f3e12e7') in 0.009746 seconds 
  Import took 0.012590 seconds .

========================================================================
Received Import Request.
  Time since last request: 0.000246 seconds.
  path: Assets/RawGraphics/Enemys/01_Crum/Клоп_аним/КЛОП_аним_старт15.png
  artifactKey: Guid(7415f5dcd51535149b26b04749b4427c) Importer(815301076,1909f56bfc062723c751e8b465ee728b)
Start importing Assets/RawGraphics/Enemys/01_Crum/Клоп_аним/КЛОП_аним_старт15.png using Guid(7415f5dcd51535149b26b04749b4427c) Importer(815301076,1909f56bfc062723c751e8b465ee728b)  -> (artifact id: 'a22631ed5fc9be3779e20f825bf9c481') in 0.012487 seconds 
  Import took 0.015480 seconds .

========================================================================
Received Import Request.
  Time since last request: 0.000201 seconds.
  path: Assets/RawGraphics/Enemys/01_Crum/Клоп_аним/КЛОП_аним_старт5.png
  artifactKey: Guid(b39f966dac5d9184fb25cb89ff60397a) Importer(815301076,1909f56bfc062723c751e8b465ee728b)
Start importing Assets/RawGraphics/Enemys/01_Crum/Клоп_аним/КЛОП_аним_старт5.png using Guid(b39f966dac5d9184fb25cb89ff60397a) Importer(815301076,1909f56bfc062723c751e8b465ee728b)  -> (artifact id: '83df497c4e16131c97ca3aab8b3ab34d') in 0.015351 seconds 
  Import took 0.017941 seconds .

========================================================================
Received Import Request.
  Time since last request: 0.000154 seconds.
  path: Assets/RawGraphics/Enemys/01_Crum/Клоп_аним/КЛОП_аним_старт17.png
  artifactKey: Guid(513dfad583882514eb59eddd6a39e0e7) Importer(815301076,1909f56bfc062723c751e8b465ee728b)
Start importing Assets/RawGraphics/Enemys/01_Crum/Клоп_аним/КЛОП_аним_старт17.png using Guid(513dfad583882514eb59eddd6a39e0e7) Importer(815301076,1909f56bfc062723c751e8b465ee728b)  -> (artifact id: '18765bf59b40a4079b4232d00439d038') in 0.013425 seconds 
  Import took 0.015803 seconds .

========================================================================
Received Import Request.
  Time since last request: 0.000163 seconds.
  path: Assets/RawGraphics/Enemys/01_Crum/Клоп_аним/КЛОП_аним_старт11.png
  artifactKey: Guid(1fc6e7c13a8f9114292889d171fe665b) Importer(815301076,1909f56bfc062723c751e8b465ee728b)
Start importing Assets/RawGraphics/Enemys/01_Crum/Клоп_аним/КЛОП_аним_старт11.png using Guid(1fc6e7c13a8f9114292889d171fe665b) Importer(815301076,1909f56bfc062723c751e8b465ee728b)  -> (artifact id: '1d983a11e783082e8d24ff97a7425523') in 0.013010 seconds 
  Import took 0.015385 seconds .

========================================================================
Received Import Request.
  Time since last request: 0.000166 seconds.
  path: Assets/RawGraphics/Enemys/01_Crum/Клоп_аним/КЛОП_аним_старт3.png
  artifactKey: Guid(4fb569b3270a27f48a28e8f5465de661) Importer(815301076,1909f56bfc062723c751e8b465ee728b)
Start importing Assets/RawGraphics/Enemys/01_Crum/Клоп_аним/КЛОП_аним_старт3.png using Guid(4fb569b3270a27f48a28e8f5465de661) Importer(815301076,1909f56bfc062723c751e8b465ee728b)  -> (artifact id: '92a43dafe6c4ae11883088f683ae8751') in 0.014691 seconds 
  Import took 0.017045 seconds .

========================================================================
Received Import Request.
  Time since last request: 0.000150 seconds.
  path: Assets/RawGraphics/Enemys/01_Crum/Клоп_аним/КЛОП_аним_старт6.png
  artifactKey: Guid(e1cace8c4d3123649923f1f7c675a790) Importer(815301076,1909f56bfc062723c751e8b465ee728b)
Start importing Assets/RawGraphics/Enemys/01_Crum/Клоп_аним/КЛОП_аним_старт6.png using Guid(e1cace8c4d3123649923f1f7c675a790) Importer(815301076,1909f56bfc062723c751e8b465ee728b)  -> (artifact id: 'a2a84951ddf7d3363fa2d703bc0a3fc4') in 0.013341 seconds 
  Import took 0.015714 seconds .

========================================================================
Received Import Request.
  Time since last request: 0.000224 seconds.
  path: Assets/RawGraphics/Enemys/01_Crum/Клоп_аним/КЛОП_аним_старт14.png
  artifactKey: Guid(947609691a976d149b965b219902d6c8) Importer(815301076,1909f56bfc062723c751e8b465ee728b)
Start importing Assets/RawGraphics/Enemys/01_Crum/Клоп_аним/КЛОП_аним_старт14.png using Guid(947609691a976d149b965b219902d6c8) Importer(815301076,1909f56bfc062723c751e8b465ee728b)  -> (artifact id: '13aa43aa2ffc1040d6eb0d45e04d8a77') in 0.015267 seconds 
  Import took 0.017666 seconds .

========================================================================
Received Import Request.
  Time since last request: 0.000168 seconds.
  path: Assets/RawGraphics/Enemys/01_Crum/Клоп_аним/КЛОП_аним_старт8.png
  artifactKey: Guid(1fa2e35e4e6411f46b96f35a1002094d) Importer(815301076,1909f56bfc062723c751e8b465ee728b)
Start importing Assets/RawGraphics/Enemys/01_Crum/Клоп_аним/КЛОП_аним_старт8.png using Guid(1fa2e35e4e6411f46b96f35a1002094d) Importer(815301076,1909f56bfc062723c751e8b465ee728b)  -> (artifact id: 'be083abe91f831c8dbcfe6ddb49a8c76') in 0.013016 seconds 
  Import took 0.015521 seconds .

========================================================================
Received Import Request.
  Time since last request: 0.000177 seconds.
  path: Assets/RawGraphics/Enemys/01_Crum/Клоп_аним/КЛОП_аним_старт7.png
  artifactKey: Guid(c4b0a6fa36185fc4fab2e9cbb53b13d2) Importer(815301076,1909f56bfc062723c751e8b465ee728b)
Start importing Assets/RawGraphics/Enemys/01_Crum/Клоп_аним/КЛОП_аним_старт7.png using Guid(c4b0a6fa36185fc4fab2e9cbb53b13d2) Importer(815301076,1909f56bfc062723c751e8b465ee728b)  -> (artifact id: 'cbbbf229005fcdb372853084b4698225') in 0.013165 seconds 
  Import took 0.015646 seconds .

========================================================================
Received Import Request.
  Time since last request: 0.000163 seconds.
  path: Assets/RawGraphics/Enemys/01_Crum/Клоп_аним/КЛОП_аним_старт2.png
  artifactKey: Guid(3ba48ab17b0ef054d81d23b8935b0819) Importer(815301076,1909f56bfc062723c751e8b465ee728b)
Start importing Assets/RawGraphics/Enemys/01_Crum/Клоп_аним/КЛОП_аним_старт2.png using Guid(3ba48ab17b0ef054d81d23b8935b0819) Importer(815301076,1909f56bfc062723c751e8b465ee728b)  -> (artifact id: '78a235d1771d68517b43b5c7f6117ce7') in 0.014365 seconds 
  Import took 0.016752 seconds .

========================================================================
Received Import Request.
  Time since last request: 0.000151 seconds.
  path: Assets/RawGraphics/Enemys/01_Crum/Клоп_аним/КЛОП_аним_старт13.png
  artifactKey: Guid(513eee1cbab83be49be92805eee0fadb) Importer(815301076,1909f56bfc062723c751e8b465ee728b)
Start importing Assets/RawGraphics/Enemys/01_Crum/Клоп_аним/КЛОП_аним_старт13.png using Guid(513eee1cbab83be49be92805eee0fadb) Importer(815301076,1909f56bfc062723c751e8b465ee728b)  -> (artifact id: 'e34c0c5bd4c5811531c9ddfb284c265a') in 0.014650 seconds 
  Import took 0.017079 seconds .

========================================================================
Received Import Request.
  Time since last request: 0.000168 seconds.
  path: Assets/RawGraphics/Enemys/01_Crum/Клоп_аним/КЛОП_аним_старт12.png
  artifactKey: Guid(a1249ddfe451d984988e98e44079612b) Importer(815301076,1909f56bfc062723c751e8b465ee728b)
Start importing Assets/RawGraphics/Enemys/01_Crum/Клоп_аним/КЛОП_аним_старт12.png using Guid(a1249ddfe451d984988e98e44079612b) Importer(815301076,1909f56bfc062723c751e8b465ee728b)  -> (artifact id: '784c1121bc7b8a61d3bb19f6effe834d') in 0.013835 seconds 
  Import took 0.016253 seconds .

========================================================================
Received Import Request.
  Time since last request: 0.542006 seconds.
  path: Assets/RawGraphics/Enemys/01_Crum/Клоп_аним/КЛОП_аним_старт18.png
  artifactKey: Guid(6a51c99b50b88a2418e3dfd8f902b0ed) Importer(815301076,1909f56bfc062723c751e8b465ee728b)
Start importing Assets/RawGraphics/Enemys/01_Crum/Клоп_аним/КЛОП_аним_старт18.png using Guid(6a51c99b50b88a2418e3dfd8f902b0ed) Importer(815301076,1909f56bfc062723c751e8b465ee728b)  -> (artifact id: '9e6f027406f267f9bc5a57090994b60c') in 0.008844 seconds 
  Import took 0.011696 seconds .

========================================================================
Received Import Request.
  Time since last request: 0.000208 seconds.
  path: Assets/RawGraphics/Enemys/01_Crum/Клоп_аним/КЛОП_аним_старт21.png
  artifactKey: Guid(fcd514afafa9c5646a60e2b6eaa1e9c5) Importer(815301076,1909f56bfc062723c751e8b465ee728b)
Start importing Assets/RawGraphics/Enemys/01_Crum/Клоп_аним/КЛОП_аним_старт21.png using Guid(fcd514afafa9c5646a60e2b6eaa1e9c5) Importer(815301076,1909f56bfc062723c751e8b465ee728b)  -> (artifact id: 'cd08187518dcda30009abf5b97af87ff') in 0.011077 seconds 
  Import took 0.013592 seconds .

========================================================================
Received Import Request.
  Time since last request: 0.000199 seconds.
  path: Assets/RawGraphics/Enemys/01_Crum/Клоп_аним/КЛОП_аним_старт19.png
  artifactKey: Guid(3eb9443108ee3b44b856c9e215f5c40a) Importer(815301076,1909f56bfc062723c751e8b465ee728b)
Start importing Assets/RawGraphics/Enemys/01_Crum/Клоп_аним/КЛОП_аним_старт19.png using Guid(3eb9443108ee3b44b856c9e215f5c40a) Importer(815301076,1909f56bfc062723c751e8b465ee728b)  -> (artifact id: '8511e182e9beac5f95272bcfc2684917') in 0.012609 seconds 
  Import took 0.015120 seconds .

========================================================================
Received Import Request.
  Time since last request: 0.000199 seconds.
  path: Assets/RawGraphics/Enemys/01_Crum/Клоп_аним/КЛОП_аним_старт20.png
  artifactKey: Guid(0f73f51eb0189e9458ce143a02bf6eea) Importer(815301076,1909f56bfc062723c751e8b465ee728b)
Start importing Assets/RawGraphics/Enemys/01_Crum/Клоп_аним/КЛОП_аним_старт20.png using Guid(0f73f51eb0189e9458ce143a02bf6eea) Importer(815301076,1909f56bfc062723c751e8b465ee728b)  -> (artifact id: '0fd9d0d7a413750a1bf402488e3706c8') in 0.014559 seconds 
  Import took 0.016949 seconds .

========================================================================
Received Import Request.
  Time since last request: 2.928406 seconds.
  path: Assets/RawGraphics/Enemys/01_Crum/Глитч
  artifactKey: Guid(e423322ca4c5e6d48b5fa0711f9fd6e2) Importer(815301076,1909f56bfc062723c751e8b465ee728b)
Start importing Assets/RawGraphics/Enemys/01_Crum/Глитч using Guid(e423322ca4c5e6d48b5fa0711f9fd6e2) Importer(815301076,1909f56bfc062723c751e8b465ee728b)  -> (artifact id: 'aa7bf916bfc2a1db6a53aceb2c235e6b') in 0.005049 seconds 
  Import took 0.008387 seconds .

========================================================================
Received Import Request.
  Time since last request: 0.035639 seconds.
  path: Assets/RawGraphics/Enemys/01_Crum/Глитч/Клоп_Глитч_Смерть1.png
  artifactKey: Guid(2c34caa245901e54c8d56d4fe8bfa72e) Importer(815301076,1909f56bfc062723c751e8b465ee728b)
Start importing Assets/RawGraphics/Enemys/01_Crum/Глитч/Клоп_Глитч_Смерть1.png using Guid(2c34caa245901e54c8d56d4fe8bfa72e) Importer(815301076,1909f56bfc062723c751e8b465ee728b)  -> (artifact id: 'c608a8628b90a00ab94666b2e79befc9') in 0.007795 seconds 
  Import took 0.010474 seconds .

========================================================================
Received Import Request.
  Time since last request: 0.000287 seconds.
  path: Assets/RawGraphics/Enemys/01_Crum/Глитч/Клоп_Глитч_Смерть7.png
  artifactKey: Guid(16bbd77cdc489c447bc490ef16758f71) Importer(815301076,1909f56bfc062723c751e8b465ee728b)
Start importing Assets/RawGraphics/Enemys/01_Crum/Глитч/Клоп_Глитч_Смерть7.png using Guid(16bbd77cdc489c447bc490ef16758f71) Importer(815301076,1909f56bfc062723c751e8b465ee728b)  -> (artifact id: 'cbed2b40059564441c9c0b74b0119aa3') in 0.012819 seconds 
  Import took 0.015222 seconds .

========================================================================
Received Import Request.
  Time since last request: 0.000269 seconds.
  path: Assets/RawGraphics/Enemys/01_Crum/Глитч/Клоп_Глитч_Смерть2.png
  artifactKey: Guid(41782f201ab322c47afa51a3f0bfe2e7) Importer(815301076,1909f56bfc062723c751e8b465ee728b)
Start importing Assets/RawGraphics/Enemys/01_Crum/Глитч/Клоп_Глитч_Смерть2.png using Guid(41782f201ab322c47afa51a3f0bfe2e7) Importer(815301076,1909f56bfc062723c751e8b465ee728b)  -> (artifact id: '2de5a837bb662ca7dc842f42cf99ac59') in 0.009425 seconds 
  Import took 0.011890 seconds .

========================================================================
Received Import Request.
  Time since last request: 0.000206 seconds.
  path: Assets/RawGraphics/Enemys/01_Crum/Глитч/Клоп_Глитч_Смерть4.png
  artifactKey: Guid(9b53c19ff67939041a10f1dd746e8d13) Importer(815301076,1909f56bfc062723c751e8b465ee728b)
Start importing Assets/RawGraphics/Enemys/01_Crum/Глитч/Клоп_Глитч_Смерть4.png using Guid(9b53c19ff67939041a10f1dd746e8d13) Importer(815301076,1909f56bfc062723c751e8b465ee728b)  -> (artifact id: 'f4c6eb71cacb68888ced46628910d18a') in 0.008200 seconds 
  Import took 0.010923 seconds .

========================================================================
Received Import Request.
  Time since last request: 0.000171 seconds.
  path: Assets/RawGraphics/Enemys/01_Crum/Глитч/Клоп_Глитч_Смерть3.png
  artifactKey: Guid(342ff22d55f1fa14bb514e811bf6ecaa) Importer(815301076,1909f56bfc062723c751e8b465ee728b)
Start importing Assets/RawGraphics/Enemys/01_Crum/Глитч/Клоп_Глитч_Смерть3.png using Guid(342ff22d55f1fa14bb514e811bf6ecaa) Importer(815301076,1909f56bfc062723c751e8b465ee728b)  -> (artifact id: '31f6ec6d10de35cb9ee7cfced2c5a6f9') in 0.008301 seconds 
  Import took 0.010833 seconds .

========================================================================
Received Import Request.
  Time since last request: 0.000193 seconds.
  path: Assets/RawGraphics/Enemys/01_Crum/Глитч/Клоп_Глитч_Смерть5.png
  artifactKey: Guid(f99c241d31858c44b84596cde9b7d3f2) Importer(815301076,1909f56bfc062723c751e8b465ee728b)
Start importing Assets/RawGraphics/Enemys/01_Crum/Глитч/Клоп_Глитч_Смерть5.png using Guid(f99c241d31858c44b84596cde9b7d3f2) Importer(815301076,1909f56bfc062723c751e8b465ee728b)  -> (artifact id: '52868e8501bf722ef6da7a3ac880e437') in 0.009875 seconds 
  Import took 0.012314 seconds .

========================================================================
Received Import Request.
  Time since last request: 0.000173 seconds.
  path: Assets/RawGraphics/Enemys/01_Crum/Глитч/Клоп_Глитч_Смерть6.png
  artifactKey: Guid(f82a5671e3c5f834599230ab484bfae0) Importer(815301076,1909f56bfc062723c751e8b465ee728b)
Start importing Assets/RawGraphics/Enemys/01_Crum/Глитч/Клоп_Глитч_Смерть6.png using Guid(f82a5671e3c5f834599230ab484bfae0) Importer(815301076,1909f56bfc062723c751e8b465ee728b)  -> (artifact id: 'c1b6e739c9f5cfac8cfed16077c72485') in 0.009184 seconds 
  Import took 0.011666 seconds .

========================================================================
Received Import Request.
  Time since last request: 1.878602 seconds.
  path: Assets/RawGraphics/Enemys/01_Crum/Смерть
  artifactKey: Guid(f6bf5e26ebaf0b84f817959c8e24860c) Importer(815301076,1909f56bfc062723c751e8b465ee728b)
Start importing Assets/RawGraphics/Enemys/01_Crum/Смерть using Guid(f6bf5e26ebaf0b84f817959c8e24860c) Importer(815301076,1909f56bfc062723c751e8b465ee728b)  -> (artifact id: 'a1ef9e81fc31a0ee4bd91f41a7c6e6b2') in 0.004203 seconds 
  Import took 0.007092 seconds .

========================================================================
Received Import Request.
  Time since last request: 0.212350 seconds.
  path: Assets/RawGraphics/Enemys/01_Crum/Смерть/Клоп_Смерть1.png
  artifactKey: Guid(e48a850c5b0caee4ca2b93472987ac2c) Importer(815301076,1909f56bfc062723c751e8b465ee728b)
Start importing Assets/RawGraphics/Enemys/01_Crum/Смерть/Клоп_Смерть1.png using Guid(e48a850c5b0caee4ca2b93472987ac2c) Importer(815301076,1909f56bfc062723c751e8b465ee728b)  -> (artifact id: 'adbef0a7d858dff65897ebc1ccb3c0a7') in 0.007565 seconds 
  Import took 0.010307 seconds .

========================================================================
Received Import Request.
  Time since last request: 0.000262 seconds.
  path: Assets/RawGraphics/Enemys/01_Crum/Смерть/Клоп_Смерть4.png
  artifactKey: Guid(baa057a67a0a8e04385e4d53e39f9d18) Importer(815301076,1909f56bfc062723c751e8b465ee728b)
Start importing Assets/RawGraphics/Enemys/01_Crum/Смерть/Клоп_Смерть4.png using Guid(baa057a67a0a8e04385e4d53e39f9d18) Importer(815301076,1909f56bfc062723c751e8b465ee728b)  -> (artifact id: 'e03917febec29030402594e68705c1c4') in 0.010506 seconds 
  Import took 0.012977 seconds .

========================================================================
Received Import Request.
  Time since last request: 0.000297 seconds.
  path: Assets/RawGraphics/Enemys/01_Crum/Смерть/Клоп_Смерть2.png
  artifactKey: Guid(3ba7eea4ad18ee2429b9f8c3822e6231) Importer(815301076,1909f56bfc062723c751e8b465ee728b)
Start importing Assets/RawGraphics/Enemys/01_Crum/Смерть/Клоп_Смерть2.png using Guid(3ba7eea4ad18ee2429b9f8c3822e6231) Importer(815301076,1909f56bfc062723c751e8b465ee728b)  -> (artifact id: '4b5e28ac71491b91c9ad476de9fe4e53') in 0.010372 seconds 
  Import took 0.012868 seconds .

========================================================================
Received Import Request.
  Time since last request: 0.000206 seconds.
  path: Assets/RawGraphics/Enemys/01_Crum/Смерть/Клоп_Смерть3.png
  artifactKey: Guid(bc31a3b49cf12c84b9dc09ee005ddf99) Importer(815301076,1909f56bfc062723c751e8b465ee728b)
Start importing Assets/RawGraphics/Enemys/01_Crum/Смерть/Клоп_Смерть3.png using Guid(bc31a3b49cf12c84b9dc09ee005ddf99) Importer(815301076,1909f56bfc062723c751e8b465ee728b)  -> (artifact id: '0babfb1f1b9162629172fdebd034a31b') in 0.008250 seconds 
  Import took 0.012870 seconds .

========================================================================
Received Import Request.
  Time since last request: 0.000186 seconds.
  path: Assets/RawGraphics/Enemys/01_Crum/Смерть/Клоп_Смерть5.png
  artifactKey: Guid(01c488cdb152a5140a8b0386c78adc77) Importer(815301076,1909f56bfc062723c751e8b465ee728b)
Start importing Assets/RawGraphics/Enemys/01_Crum/Смерть/Клоп_Смерть5.png using Guid(01c488cdb152a5140a8b0386c78adc77) Importer(815301076,1909f56bfc062723c751e8b465ee728b)  -> (artifact id: 'ab297f89fcd489769fc6df18e6156856') in 0.008220 seconds 
  Import took 0.010724 seconds .

========================================================================
Received Import Request.
  Time since last request: 43.766946 seconds.
  path: Assets/RawGraphics/Enemys/01_Crum/Death_Animation
  artifactKey: Guid(f6bf5e26ebaf0b84f817959c8e24860c) Importer(815301076,1909f56bfc062723c751e8b465ee728b)
Start importing Assets/RawGraphics/Enemys/01_Crum/Death_Animation using Guid(f6bf5e26ebaf0b84f817959c8e24860c) Importer(815301076,1909f56bfc062723c751e8b465ee728b)  -> (artifact id: 'e852efb2974dfe53d3a879dc52ee58bf') in 0.004971 seconds 
  Import took 0.007887 seconds .

========================================================================
Received Import Request.
  Time since last request: 14.649366 seconds.
  path: Assets/RawGraphics/Enemys/01_Crum/Glitch_Death_Animation
  artifactKey: Guid(e423322ca4c5e6d48b5fa0711f9fd6e2) Importer(815301076,1909f56bfc062723c751e8b465ee728b)
Start importing Assets/RawGraphics/Enemys/01_Crum/Glitch_Death_Animation using Guid(e423322ca4c5e6d48b5fa0711f9fd6e2) Importer(815301076,1909f56bfc062723c751e8b465ee728b)  -> (artifact id: '6bb1a21b6149bd0446ee6ffc06aa3493') in 0.004150 seconds 
  Import took 0.006954 seconds .

========================================================================
Received Import Request.
  Time since last request: 11.390863 seconds.
  path: Assets/RawGraphics/Enemys/01_Crum/Move_Animation
  artifactKey: Guid(9853439bded87d349944c60224c157df) Importer(815301076,1909f56bfc062723c751e8b465ee728b)
Start importing Assets/RawGraphics/Enemys/01_Crum/Move_Animation using Guid(9853439bded87d349944c60224c157df) Importer(815301076,1909f56bfc062723c751e8b465ee728b)  -> (artifact id: '2b82a1f45e579a93e20eddab7d3bd54f') in 0.004226 seconds 
  Import took 0.007015 seconds .

========================================================================
Received Import Request.
  Time since last request: 2.723425 seconds.
  path: Assets/RawGraphics/Enemys/02_Fly/Мухец_.png
  artifactKey: Guid(d5332a470c1b95f48b236820bf7ee4af) Importer(815301076,1909f56bfc062723c751e8b465ee728b)
Start importing Assets/RawGraphics/Enemys/02_Fly/Мухец_.png using Guid(d5332a470c1b95f48b236820bf7ee4af) Importer(815301076,1909f56bfc062723c751e8b465ee728b)  -> (artifact id: '9f429ff8d463df06b4856674c228a213') in 0.009769 seconds 
  Import took 0.012858 seconds .

========================================================================
Received Import Request.
  Time since last request: 1.195642 seconds.
  path: Assets/RawGraphics/Enemys/02_Fly/Мухец_полет
  artifactKey: Guid(35dd34fb0d8454b4f91f8209018bf0c7) Importer(815301076,1909f56bfc062723c751e8b465ee728b)
Start importing Assets/RawGraphics/Enemys/02_Fly/Мухец_полет using Guid(35dd34fb0d8454b4f91f8209018bf0c7) Importer(815301076,1909f56bfc062723c751e8b465ee728b)  -> (artifact id: '537fc203ce7c637b9c4f8fd8edda16c6') in 0.004457 seconds 
  Import took 0.007442 seconds .

========================================================================
Received Import Request.
  Time since last request: 0.087555 seconds.
  path: Assets/RawGraphics/Enemys/02_Fly/Мухец_полет/Мухец_полет1.png
  artifactKey: Guid(2dc3b85bbc17d64488936ca94ed8ed2d) Importer(815301076,1909f56bfc062723c751e8b465ee728b)
Start importing Assets/RawGraphics/Enemys/02_Fly/Мухец_полет/Мухец_полет1.png using Guid(2dc3b85bbc17d64488936ca94ed8ed2d) Importer(815301076,1909f56bfc062723c751e8b465ee728b)  -> (artifact id: '4b7f7d355a343edb2fd9534086c20706') in 0.009904 seconds 
  Import took 0.012778 seconds .

========================================================================
Received Import Request.
  Time since last request: 0.000198 seconds.
  path: Assets/RawGraphics/Enemys/02_Fly/Мухец_полет/Мухец_полет7.png
  artifactKey: Guid(efc78187a9e1bad4b963826cf84afebe) Importer(815301076,1909f56bfc062723c751e8b465ee728b)
Start importing Assets/RawGraphics/Enemys/02_Fly/Мухец_полет/Мухец_полет7.png using Guid(efc78187a9e1bad4b963826cf84afebe) Importer(815301076,1909f56bfc062723c751e8b465ee728b)  -> (artifact id: 'ef0c20e4c5d93fbc5bf3edf385c8f0ba') in 0.030284 seconds 
  Import took 0.032719 seconds .

========================================================================
Received Import Request.
  Time since last request: 0.000229 seconds.
  path: Assets/RawGraphics/Enemys/02_Fly/Мухец_полет/Мухец_полет3.png
  artifactKey: Guid(0d0822ca3320fb349b2dfddb5caeddfd) Importer(815301076,1909f56bfc062723c751e8b465ee728b)
Start importing Assets/RawGraphics/Enemys/02_Fly/Мухец_полет/Мухец_полет3.png using Guid(0d0822ca3320fb349b2dfddb5caeddfd) Importer(815301076,1909f56bfc062723c751e8b465ee728b)  -> (artifact id: '8d7c4c7579a3206c70a54f5d18d4db9e') in 0.014835 seconds 
  Import took 0.017468 seconds .

========================================================================
Received Import Request.
  Time since last request: 0.000253 seconds.
  path: Assets/RawGraphics/Enemys/02_Fly/Мухец_полет/Мухец_полет8.png
  artifactKey: Guid(38e1a5e833035f8438313a420e3ca5c9) Importer(815301076,1909f56bfc062723c751e8b465ee728b)
Start importing Assets/RawGraphics/Enemys/02_Fly/Мухец_полет/Мухец_полет8.png using Guid(38e1a5e833035f8438313a420e3ca5c9) Importer(815301076,1909f56bfc062723c751e8b465ee728b)  -> (artifact id: '5a08deede44f4a2eaf614777841e41d1') in 0.009158 seconds 
  Import took 0.012096 seconds .

========================================================================
Received Import Request.
  Time since last request: 0.000197 seconds.
  path: Assets/RawGraphics/Enemys/02_Fly/Мухец_полет/Мухец_полет5.png
  artifactKey: Guid(c9616c481ad71304389e992ebe95b98f) Importer(815301076,1909f56bfc062723c751e8b465ee728b)
Start importing Assets/RawGraphics/Enemys/02_Fly/Мухец_полет/Мухец_полет5.png using Guid(c9616c481ad71304389e992ebe95b98f) Importer(815301076,1909f56bfc062723c751e8b465ee728b)  -> (artifact id: 'bdb79d996e1aefbb8be89ac7979efcba') in 0.008816 seconds 
  Import took 0.011409 seconds .

========================================================================
Received Import Request.
  Time since last request: 0.000173 seconds.
  path: Assets/RawGraphics/Enemys/02_Fly/Мухец_полет/Мухец_полет4.png
  artifactKey: Guid(664cf8d8a0be88f498c4032dd46f905e) Importer(815301076,1909f56bfc062723c751e8b465ee728b)
Start importing Assets/RawGraphics/Enemys/02_Fly/Мухец_полет/Мухец_полет4.png using Guid(664cf8d8a0be88f498c4032dd46f905e) Importer(815301076,1909f56bfc062723c751e8b465ee728b)  -> (artifact id: '6f0bf9df0850cccdea9bf2e133f4c142') in 0.009945 seconds 
  Import took 0.012484 seconds .

========================================================================
Received Import Request.
  Time since last request: 0.000163 seconds.
  path: Assets/RawGraphics/Enemys/02_Fly/Мухец_полет/Мухец_полет6.png
  artifactKey: Guid(dab3aa65efc5c464185c7a14c31fc8ce) Importer(815301076,1909f56bfc062723c751e8b465ee728b)
Start importing Assets/RawGraphics/Enemys/02_Fly/Мухец_полет/Мухец_полет6.png using Guid(dab3aa65efc5c464185c7a14c31fc8ce) Importer(815301076,1909f56bfc062723c751e8b465ee728b)  -> (artifact id: '53a3cb5c2a3b7562f8528e31b1e3acc0') in 0.008159 seconds 
  Import took 0.010652 seconds .

========================================================================
Received Import Request.
  Time since last request: 0.000184 seconds.
  path: Assets/RawGraphics/Enemys/02_Fly/Мухец_полет/Мухец_полет2.png
  artifactKey: Guid(536826bbf8ac96440906665a4e7fa2db) Importer(815301076,1909f56bfc062723c751e8b465ee728b)
Start importing Assets/RawGraphics/Enemys/02_Fly/Мухец_полет/Мухец_полет2.png using Guid(536826bbf8ac96440906665a4e7fa2db) Importer(815301076,1909f56bfc062723c751e8b465ee728b)  -> (artifact id: '1da0ee97cf9c198e367d45cf07710018') in 0.007966 seconds 
  Import took 0.010433 seconds .

========================================================================
Received Import Request.
  Time since last request: 13.157130 seconds.
  path: Assets/RawGraphics/Enemys/02_Fly/Move_Animation
  artifactKey: Guid(35dd34fb0d8454b4f91f8209018bf0c7) Importer(815301076,1909f56bfc062723c751e8b465ee728b)
Start importing Assets/RawGraphics/Enemys/02_Fly/Move_Animation using Guid(35dd34fb0d8454b4f91f8209018bf0c7) Importer(815301076,1909f56bfc062723c751e8b465ee728b)  -> (artifact id: '015e45d360f7623c103ff70000b30206') in 0.001303 seconds 
  Import took 0.003985 seconds .

========================================================================
Received Import Request.
  Time since last request: 10.376159 seconds.
  path: Assets/RawGraphics/Enemys/01_Crum/Crum_Death_Animation
  artifactKey: Guid(f6bf5e26ebaf0b84f817959c8e24860c) Importer(815301076,1909f56bfc062723c751e8b465ee728b)
Start importing Assets/RawGraphics/Enemys/01_Crum/Crum_Death_Animation using Guid(f6bf5e26ebaf0b84f817959c8e24860c) Importer(815301076,1909f56bfc062723c751e8b465ee728b)  -> (artifact id: '096e45d32c00919fdf7fe2f3b8b63cda') in 0.004204 seconds 
  Import took 0.007298 seconds .

========================================================================
Received Import Request.
  Time since last request: 5.026171 seconds.
  path: Assets/RawGraphics/Enemys/01_Crum/Crum_Glitch_Death_Animation
  artifactKey: Guid(e423322ca4c5e6d48b5fa0711f9fd6e2) Importer(815301076,1909f56bfc062723c751e8b465ee728b)
Start importing Assets/RawGraphics/Enemys/01_Crum/Crum_Glitch_Death_Animation using Guid(e423322ca4c5e6d48b5fa0711f9fd6e2) Importer(815301076,1909f56bfc062723c751e8b465ee728b)  -> (artifact id: '89c7bf38192182af1461c00b977358b1') in 0.003993 seconds 
  Import took 0.006611 seconds .

========================================================================
Received Import Request.
  Time since last request: 6.658593 seconds.
  path: Assets/RawGraphics/Enemys/01_Crum/Crum_Move_Animation
  artifactKey: Guid(9853439bded87d349944c60224c157df) Importer(815301076,1909f56bfc062723c751e8b465ee728b)
Start importing Assets/RawGraphics/Enemys/01_Crum/Crum_Move_Animation using Guid(9853439bded87d349944c60224c157df) Importer(815301076,1909f56bfc062723c751e8b465ee728b)  -> (artifact id: '6be338b50a2c48d91ef4809001bce06d') in 0.004020 seconds 
  Import took 0.006801 seconds .

========================================================================
Received Import Request.
  Time since last request: 7.201977 seconds.
  path: Assets/RawGraphics/Enemys/02_Fly/Fly_Move_Animation
  artifactKey: Guid(35dd34fb0d8454b4f91f8209018bf0c7) Importer(815301076,1909f56bfc062723c751e8b465ee728b)
Start importing Assets/RawGraphics/Enemys/02_Fly/Fly_Move_Animation using Guid(35dd34fb0d8454b4f91f8209018bf0c7) Importer(815301076,1909f56bfc062723c751e8b465ee728b)  -> (artifact id: '041e892b4555309ef8073337273a372e') in 0.004456 seconds 
  Import took 0.007920 seconds .

========================================================================
Received Import Request.
  Time since last request: 0.499158 seconds.
  path: Assets/RawGraphics/Enemys/02_Fly/Новая папка
  artifactKey: Guid(23c51d1b6424be64d8a996d94ff131e4) Importer(815301076,1909f56bfc062723c751e8b465ee728b)
Start importing Assets/RawGraphics/Enemys/02_Fly/Новая папка using Guid(23c51d1b6424be64d8a996d94ff131e4) Importer(815301076,1909f56bfc062723c751e8b465ee728b)  -> (artifact id: 'fdfc32c390677a420d3cd5fe9c000248') in 0.005189 seconds 
  Import took 0.008689 seconds .

========================================================================
Received Import Request.
  Time since last request: 0.106889 seconds.
  path: Assets/RawGraphics/Enemys/02_Fly/Новая папка/Мухец_Смерть_Глитч1.png
  artifactKey: Guid(f6fc3f48bae5b7a45bff5056ffe0c719) Importer(815301076,1909f56bfc062723c751e8b465ee728b)
Start importing Assets/RawGraphics/Enemys/02_Fly/Новая папка/Мухец_Смерть_Глитч1.png using Guid(f6fc3f48bae5b7a45bff5056ffe0c719) Importer(815301076,1909f56bfc062723c751e8b465ee728b)  -> (artifact id: '8a7c103938c31b629147451008a7d50d') in 0.009422 seconds 
  Import took 0.013571 seconds .

========================================================================
Received Import Request.
  Time since last request: 0.000269 seconds.
  path: Assets/RawGraphics/Enemys/02_Fly/Новая папка/Мухец_Смерть_Глитч5.png
  artifactKey: Guid(0bb57333b297f6541822246512a85787) Importer(815301076,1909f56bfc062723c751e8b465ee728b)
Start importing Assets/RawGraphics/Enemys/02_Fly/Новая папка/Мухец_Смерть_Глитч5.png using Guid(0bb57333b297f6541822246512a85787) Importer(815301076,1909f56bfc062723c751e8b465ee728b)  -> (artifact id: '59e0ac61c1a72c154d4c2edb38f0dfca') in 0.009181 seconds 
  Import took 0.011631 seconds .

========================================================================
Received Import Request.
  Time since last request: 0.000204 seconds.
  path: Assets/RawGraphics/Enemys/02_Fly/Новая папка/Мухец_Смерть_Глитч4.png
  artifactKey: Guid(251ece48514602a4a9d3d7b2ad1490e2) Importer(815301076,1909f56bfc062723c751e8b465ee728b)
Start importing Assets/RawGraphics/Enemys/02_Fly/Новая папка/Мухец_Смерть_Глитч4.png using Guid(251ece48514602a4a9d3d7b2ad1490e2) Importer(815301076,1909f56bfc062723c751e8b465ee728b)  -> (artifact id: '2071802ca166d88c984b494ad87bc158') in 0.007935 seconds 
  Import took 0.010590 seconds .

========================================================================
Received Import Request.
  Time since last request: 0.000194 seconds.
  path: Assets/RawGraphics/Enemys/02_Fly/Новая папка/Мухец_Смерть_Глитч3.png
  artifactKey: Guid(f51b28d68f53cfc4c929423f800f3eaa) Importer(815301076,1909f56bfc062723c751e8b465ee728b)
Start importing Assets/RawGraphics/Enemys/02_Fly/Новая папка/Мухец_Смерть_Глитч3.png using Guid(f51b28d68f53cfc4c929423f800f3eaa) Importer(815301076,1909f56bfc062723c751e8b465ee728b)  -> (artifact id: '922341fa5c1dc7bf216391319e54b65b') in 0.008447 seconds 
  Import took 0.011253 seconds .

========================================================================
Received Import Request.
  Time since last request: 0.000199 seconds.
  path: Assets/RawGraphics/Enemys/02_Fly/Новая папка/Мухец_Смерть_Глитч6.png
  artifactKey: Guid(b1e3691b342eaa746a570e62276770ac) Importer(815301076,1909f56bfc062723c751e8b465ee728b)
Start importing Assets/RawGraphics/Enemys/02_Fly/Новая папка/Мухец_Смерть_Глитч6.png using Guid(b1e3691b342eaa746a570e62276770ac) Importer(815301076,1909f56bfc062723c751e8b465ee728b)  -> (artifact id: '81db9bb99ab668a9421d0d43ee50ffd8') in 0.008575 seconds 
  Import took 0.011255 seconds .

========================================================================
Received Import Request.
  Time since last request: 0.000173 seconds.
  path: Assets/RawGraphics/Enemys/02_Fly/Новая папка/Мухец_Смерть_Глитч2.png
  artifactKey: Guid(abf694d3dc1529d469e66b170f063003) Importer(815301076,1909f56bfc062723c751e8b465ee728b)
Start importing Assets/RawGraphics/Enemys/02_Fly/Новая папка/Мухец_Смерть_Глитч2.png using Guid(abf694d3dc1529d469e66b170f063003) Importer(815301076,1909f56bfc062723c751e8b465ee728b)  -> (artifact id: 'e16158533061d733e4c88ee31a02aaa7') in 0.008151 seconds 
  Import took 0.011003 seconds .

========================================================================
Received Import Request.
  Time since last request: 0.000196 seconds.
  path: Assets/RawGraphics/Enemys/02_Fly/Новая папка/Мухец_Смерть_Глитч7.png
  artifactKey: Guid(0e06ad7c2050f624fa1dcdcb52d095ea) Importer(815301076,1909f56bfc062723c751e8b465ee728b)
Start importing Assets/RawGraphics/Enemys/02_Fly/Новая папка/Мухец_Смерть_Глитч7.png using Guid(0e06ad7c2050f624fa1dcdcb52d095ea) Importer(815301076,1909f56bfc062723c751e8b465ee728b)  -> (artifact id: '71f5b0358a28235fdcc3bcfa68e772af') in 0.008277 seconds 
  Import took 0.010905 seconds .

========================================================================
Received Import Request.
  Time since last request: 22.757753 seconds.
  path: Assets/RawGraphics/Enemys/02_Fly/FLy_Glitch_Death_Animation
  artifactKey: Guid(23c51d1b6424be64d8a996d94ff131e4) Importer(815301076,1909f56bfc062723c751e8b465ee728b)
Start importing Assets/RawGraphics/Enemys/02_Fly/FLy_Glitch_Death_Animation using Guid(23c51d1b6424be64d8a996d94ff131e4) Importer(815301076,1909f56bfc062723c751e8b465ee728b)  -> (artifact id: '2aef90e7dde6688512bc6cb10b53fb89') in 0.004625 seconds 
  Import took 0.007647 seconds .

========================================================================
Received Import Request.
  Time since last request: 0.961327 seconds.
  path: Assets/RawGraphics/Enemys/02_Fly/Новая папка (2)
  artifactKey: Guid(9e820e04519e7ae4b9aee4b93b7e49cf) Importer(815301076,1909f56bfc062723c751e8b465ee728b)
Start importing Assets/RawGraphics/Enemys/02_Fly/Новая папка (2) using Guid(9e820e04519e7ae4b9aee4b93b7e49cf) Importer(815301076,1909f56bfc062723c751e8b465ee728b)  -> (artifact id: 'd543c004c3efeb6d270a933239ab6cbd') in 0.004264 seconds 
  Import took 0.007475 seconds .

========================================================================
Received Import Request.
  Time since last request: 0.722045 seconds.
  path: Assets/RawGraphics/Enemys/02_Fly/Новая папка (2)/Мухец_Смерть_1.png
  artifactKey: Guid(50ec7ba53889b974fba0637cc7ac7977) Importer(815301076,1909f56bfc062723c751e8b465ee728b)
Start importing Assets/RawGraphics/Enemys/02_Fly/Новая папка (2)/Мухец_Смерть_1.png using Guid(50ec7ba53889b974fba0637cc7ac7977) Importer(815301076,1909f56bfc062723c751e8b465ee728b)  -> (artifact id: '29378c70935ee0589dc46fdc492a3f9a') in 0.008154 seconds 
  Import took 0.010989 seconds .

========================================================================
Received Import Request.
  Time since last request: 0.000222 seconds.
  path: Assets/RawGraphics/Enemys/02_Fly/Новая папка (2)/Мухец_Смерть_5.png
  artifactKey: Guid(b7ef6824e8a66ec40a3f8bd98ff5494f) Importer(815301076,1909f56bfc062723c751e8b465ee728b)
Start importing Assets/RawGraphics/Enemys/02_Fly/Новая папка (2)/Мухец_Смерть_5.png using Guid(b7ef6824e8a66ec40a3f8bd98ff5494f) Importer(815301076,1909f56bfc062723c751e8b465ee728b)  -> (artifact id: 'cb7aa512862bc770619cceacbb49245c') in 0.011037 seconds 
  Import took 0.013523 seconds .

========================================================================
Received Import Request.
  Time since last request: 0.000194 seconds.
  path: Assets/RawGraphics/Enemys/02_Fly/Новая папка (2)/Мухец_Смерть_9.png
  artifactKey: Guid(44bbf0b18ae79734bba96bcd81baf6b4) Importer(815301076,1909f56bfc062723c751e8b465ee728b)
Start importing Assets/RawGraphics/Enemys/02_Fly/Новая папка (2)/Мухец_Смерть_9.png using Guid(44bbf0b18ae79734bba96bcd81baf6b4) Importer(815301076,1909f56bfc062723c751e8b465ee728b)  -> (artifact id: 'c6938fa8fa82e255fa8bfeb8dd64eadb') in 0.009891 seconds 
  Import took 0.012238 seconds .

========================================================================
Received Import Request.
  Time since last request: 0.000264 seconds.
  path: Assets/RawGraphics/Enemys/02_Fly/Новая папка (2)/Мухец_Смерть_6.png
  artifactKey: Guid(e99fae7cc7ca44d4280a458f03af4722) Importer(815301076,1909f56bfc062723c751e8b465ee728b)
Start importing Assets/RawGraphics/Enemys/02_Fly/Новая папка (2)/Мухец_Смерть_6.png using Guid(e99fae7cc7ca44d4280a458f03af4722) Importer(815301076,1909f56bfc062723c751e8b465ee728b)  -> (artifact id: '10fdec239812bafc3eb0e139ad6f552a') in 0.009690 seconds 
  Import took 0.012123 seconds .

========================================================================
Received Import Request.
  Time since last request: 0.000147 seconds.
  path: Assets/RawGraphics/Enemys/02_Fly/Новая папка (2)/Мухец_Смерть_10.png
  artifactKey: Guid(04a4d0fdbe6e36842af88199b93f17f2) Importer(815301076,1909f56bfc062723c751e8b465ee728b)
Start importing Assets/RawGraphics/Enemys/02_Fly/Новая папка (2)/Мухец_Смерть_10.png using Guid(04a4d0fdbe6e36842af88199b93f17f2) Importer(815301076,1909f56bfc062723c751e8b465ee728b)  -> (artifact id: '201d733c463a8cc698291950cacf3497') in 0.008289 seconds 
  Import took 0.010736 seconds .

========================================================================
Received Import Request.
  Time since last request: 0.000150 seconds.
  path: Assets/RawGraphics/Enemys/02_Fly/Новая папка (2)/Мухец_Смерть_3.png
  artifactKey: Guid(a2aeed7590f55ab4c9012b218d8f7f07) Importer(815301076,1909f56bfc062723c751e8b465ee728b)
Start importing Assets/RawGraphics/Enemys/02_Fly/Новая папка (2)/Мухец_Смерть_3.png using Guid(a2aeed7590f55ab4c9012b218d8f7f07) Importer(815301076,1909f56bfc062723c751e8b465ee728b)  -> (artifact id: '4f844eb311e37266c29fd6a9caa31edd') in 0.009122 seconds 
  Import took 0.011635 seconds .

========================================================================
Received Import Request.
  Time since last request: 0.000177 seconds.
  path: Assets/RawGraphics/Enemys/02_Fly/Новая папка (2)/Мухец_Смерть_8.png
  artifactKey: Guid(fabf4923b2be235489f87cbb6242a713) Importer(815301076,1909f56bfc062723c751e8b465ee728b)
Start importing Assets/RawGraphics/Enemys/02_Fly/Новая папка (2)/Мухец_Смерть_8.png using Guid(fabf4923b2be235489f87cbb6242a713) Importer(815301076,1909f56bfc062723c751e8b465ee728b)  -> (artifact id: 'fe4a2643dc473093c45cefcb607584a9') in 0.009742 seconds 
  Import took 0.012222 seconds .

========================================================================
Received Import Request.
  Time since last request: 0.000159 seconds.
  path: Assets/RawGraphics/Enemys/02_Fly/Новая папка (2)/Мухец_Смерть_2.png
  artifactKey: Guid(e9a336bbc58dfdf47a1fd913d867de62) Importer(815301076,1909f56bfc062723c751e8b465ee728b)
Start importing Assets/RawGraphics/Enemys/02_Fly/Новая папка (2)/Мухец_Смерть_2.png using Guid(e9a336bbc58dfdf47a1fd913d867de62) Importer(815301076,1909f56bfc062723c751e8b465ee728b)  -> (artifact id: '0dcf69c956ab1c5eff153a536b8ef7ab') in 0.008386 seconds 
  Import took 0.011067 seconds .

========================================================================
Received Import Request.
  Time since last request: 0.000154 seconds.
  path: Assets/RawGraphics/Enemys/02_Fly/Новая папка (2)/Мухец_Смерть_4.png
  artifactKey: Guid(7e9d53754ee4da341b9bbf9caaa0a9f6) Importer(815301076,1909f56bfc062723c751e8b465ee728b)
Start importing Assets/RawGraphics/Enemys/02_Fly/Новая папка (2)/Мухец_Смерть_4.png using Guid(7e9d53754ee4da341b9bbf9caaa0a9f6) Importer(815301076,1909f56bfc062723c751e8b465ee728b)  -> (artifact id: '760974a824c764dbc8443b6e67803444') in 0.008366 seconds 
  Import took 0.011082 seconds .

========================================================================
Received Import Request.
  Time since last request: 0.000202 seconds.
  path: Assets/RawGraphics/Enemys/02_Fly/Новая папка (2)/Мухец_Смерть_7.png
  artifactKey: Guid(a9945f23492bdf24b8686877275a80e2) Importer(815301076,1909f56bfc062723c751e8b465ee728b)
Start importing Assets/RawGraphics/Enemys/02_Fly/Новая папка (2)/Мухец_Смерть_7.png using Guid(a9945f23492bdf24b8686877275a80e2) Importer(815301076,1909f56bfc062723c751e8b465ee728b)  -> (artifact id: '4b2172bab8bc794ccec2fc9ad58f8838') in 0.009975 seconds 
  Import took 0.012503 seconds .

========================================================================
Received Import Request.
  Time since last request: 16.003124 seconds.
  path: Assets/RawGraphics/Enemys/02_Fly/Fly_Death_Animation
  artifactKey: Guid(9e820e04519e7ae4b9aee4b93b7e49cf) Importer(815301076,1909f56bfc062723c751e8b465ee728b)
Start importing Assets/RawGraphics/Enemys/02_Fly/Fly_Death_Animation using Guid(9e820e04519e7ae4b9aee4b93b7e49cf) Importer(815301076,1909f56bfc062723c751e8b465ee728b)  -> (artifact id: '903caef22255bcb71e483f57185c0b28') in 0.004331 seconds 
  Import took 0.007548 seconds .

========================================================================
Received Import Request.
  Time since last request: 10.725599 seconds.
  path: Assets/RawGraphics/Enemys/02_Fly/FLy_Sprite.png
  artifactKey: Guid(d5332a470c1b95f48b236820bf7ee4af) Importer(815301076,1909f56bfc062723c751e8b465ee728b)
Start importing Assets/RawGraphics/Enemys/02_Fly/FLy_Sprite.png using Guid(d5332a470c1b95f48b236820bf7ee4af) Importer(815301076,1909f56bfc062723c751e8b465ee728b)  -> (artifact id: 'b685e3e7d06eff8037093ea8d0d2412c') in 0.019566 seconds 
  Import took 0.022331 seconds .

========================================================================
Received Import Request.
  Time since last request: 34.218862 seconds.
  path: Assets/RawGraphics/Enemys/03_Cockroach/Таракан_.png
  artifactKey: Guid(3a3d39cdccb826446a605913a2bf3ca8) Importer(815301076,1909f56bfc062723c751e8b465ee728b)
Start importing Assets/RawGraphics/Enemys/03_Cockroach/Таракан_.png using Guid(3a3d39cdccb826446a605913a2bf3ca8) Importer(815301076,1909f56bfc062723c751e8b465ee728b)  -> (artifact id: 'ea3ffe03116481115cd941c55ca41f78') in 0.009977 seconds 
  Import took 0.013005 seconds .

========================================================================
Received Import Request.
  Time since last request: 5.153346 seconds.
  path: Assets/RawGraphics/Enemys/04_Wood_Louse/Мокрица.png
  artifactKey: Guid(132cceb58594c814ca6a72bda8f0f1cf) Importer(815301076,1909f56bfc062723c751e8b465ee728b)
Start importing Assets/RawGraphics/Enemys/04_Wood_Louse/Мокрица.png using Guid(132cceb58594c814ca6a72bda8f0f1cf) Importer(815301076,1909f56bfc062723c751e8b465ee728b)  -> (artifact id: 'e31bbf267d89727f3b727a1dddf7546e') in 0.009121 seconds 
  Import took 0.012273 seconds .

========================================================================
Received Import Request.
  Time since last request: 7.537069 seconds.
  path: Assets/RawGraphics/Game Zone/Батончик.png
  artifactKey: Guid(f8c14d2abb7947f4891621c706456990) Importer(815301076,1909f56bfc062723c751e8b465ee728b)
Start importing Assets/RawGraphics/Game Zone/Батончик.png using Guid(f8c14d2abb7947f4891621c706456990) Importer(815301076,1909f56bfc062723c751e8b465ee728b)  -> (artifact id: '64f2dcbff2d5031fdd61fdf7f7a3fae0') in 0.008866 seconds 
  Import took 0.012157 seconds .

========================================================================
Received Import Request.
  Time since last request: 0.000200 seconds.
  path: Assets/RawGraphics/Game Zone/Кофе.png
  artifactKey: Guid(1e9106aab96befc429e1ccb7f544f571) Importer(815301076,1909f56bfc062723c751e8b465ee728b)
Start importing Assets/RawGraphics/Game Zone/Кофе.png using Guid(1e9106aab96befc429e1ccb7f544f571) Importer(815301076,1909f56bfc062723c751e8b465ee728b)  -> (artifact id: 'd83a3a16e1bc35ff57434643fa4d5074') in 0.016601 seconds 
  Import took 0.019178 seconds .

========================================================================
Received Import Request.
  Time since last request: 0.000205 seconds.
  path: Assets/RawGraphics/Game Zone/Папки.png
  artifactKey: Guid(12431418cd1951a4daca8b08e407809a) Importer(815301076,1909f56bfc062723c751e8b465ee728b)
Start importing Assets/RawGraphics/Game Zone/Папки.png using Guid(12431418cd1951a4daca8b08e407809a) Importer(815301076,1909f56bfc062723c751e8b465ee728b)  -> (artifact id: '61a3b7fa62ae3ce2be9e6624922c4fc4') in 0.026294 seconds 
  Import took 0.029019 seconds .

========================================================================
Received Import Request.
  Time since last request: 0.000206 seconds.
  path: Assets/RawGraphics/Game Zone/Моник.png
  artifactKey: Guid(337e133e065fa8f4c805bb720d4dc6d6) Importer(815301076,1909f56bfc062723c751e8b465ee728b)
Start importing Assets/RawGraphics/Game Zone/Моник.png using Guid(337e133e065fa8f4c805bb720d4dc6d6) Importer(815301076,1909f56bfc062723c751e8b465ee728b)  -> (artifact id: '858ab484c7b762630e5125ef3de5d790') in 0.029252 seconds 
  Import took 0.031631 seconds .

========================================================================
Received Import Request.
  Time since last request: 0.000167 seconds.
  path: Assets/RawGraphics/Game Zone/Экран.png
  artifactKey: Guid(5f3e50a74547cb843a68656df82917a5) Importer(815301076,1909f56bfc062723c751e8b465ee728b)
Start importing Assets/RawGraphics/Game Zone/Экран.png using Guid(5f3e50a74547cb843a68656df82917a5) Importer(815301076,1909f56bfc062723c751e8b465ee728b)  -> (artifact id: 'a48ec59556349626cff1fba3c4e522f4') in 0.034722 seconds 
  Import took 0.037148 seconds .

========================================================================
Received Import Request.
  Time since last request: 0.000207 seconds.
  path: Assets/RawGraphics/Game Zone/Бэк.png
  artifactKey: Guid(d6405a581ccaec54a89373e308512ca7) Importer(815301076,1909f56bfc062723c751e8b465ee728b)
Start importing Assets/RawGraphics/Game Zone/Бэк.png using Guid(d6405a581ccaec54a89373e308512ca7) Importer(815301076,1909f56bfc062723c751e8b465ee728b)  -> (artifact id: 'e543d44edb5405cfb040573923ed44a3') in 0.008069 seconds 
  Import took 0.010470 seconds .

AssetImportWorkerClient::OnTransportError - code=2 error=End of file
